     1                                           ;代码清单15-3，文件名：c15_app.asm
     2                                           ;文件说明：用户程序
     3                                           ;修改于2022-02-28
     4                                  
     5                                  ;===============================================================================
     6                                  SECTION header vstart=0
     7                                  
     8 00000000 [00000000]                       program_length   dd program_end          ;程序总长度#0x00
     9                                           
    10 00000004 [28030000]                       head_len         dd header_end           ;程序头部的长度#0x04
    11                                  
    12 00000008 [00000000]                       prgentry         dd start                ;程序入口#0x08
    13 0000000C [00000000]                       code_seg         dd section.code.start   ;代码段位置#0x0c
    14 00000010 [53000000]                       code_len         dd code_end             ;代码段长度#0x10
    15                                  
    16 00000014 [00000000]                       data_seg         dd section.data.start   ;数据段位置#0x14
    17 00000018 [40040000]                       data_len         dd data_end             ;数据段长度#0x18
    18                                  
    19 0000001C [00000000]                       stack_seg        dd section.stack.start  ;栈段位置#0x1c
    20 00000020 [00080000]                       stack_len        dd stack_end            ;栈段长度#0x20
    21                                               
    22                                  ;-------------------------------------------------------------------------------
    23                                           ;符号地址检索表
    24 00000024 03000000                         salt_items       dd (header_end-salt)/256 ;#0x24
    25                                  
    26                                           salt:                                     ;#0x28
    27 00000028 405072696E74537472-              PrintString      db  '@PrintString'
    27 00000031 696E67             
    28 00000034 00<rep F4h>                                  times 256-($-PrintString) db 0
    29                                  
    30 00000128 405465726D696E6174-              TerminateProgram db  '@TerminateProgram'
    30 00000131 6550726F6772616D   
    31 00000139 00<rep EFh>                                  times 256-($-TerminateProgram) db 0
    32                                  
    33 00000228 40526561644469736B-              ReadDiskData     db  '@ReadDiskData'
    33 00000231 44617461           
    34 00000235 00<rep F3h>                                  times 256-($-ReadDiskData) db 0
    35                                  
    36                                  header_end:
    37                                  
    38                                  ;===============================================================================
    39                                  SECTION data vstart=0
    40                                  
    41 00000000 00<rep 400h>                     buffer times 1024 db  0         ;缓冲区
    42                                  
    43 00000400 0D0A0D0A                         message_1         db  0x0d,0x0a,0x0d,0x0a
    44 00000404 2A2A2A2A2A2A2A2A2A-                                db  '**********User program is runing**********'
    44 0000040D 2A557365722070726F-
    44 00000416 6772616D2069732072-
    44 0000041F 756E696E672A2A2A2A-
    44 00000428 2A2A2A2A2A2A       
    45 0000042E 0D0A00                                             db  0x0d,0x0a,0
    46 00000431 20204469736B206461-              message_2         db  '  Disk data:',0x0d,0x0a,0
    46 0000043A 74613A0D0A00       
    47                                  
    48                                  data_end:
    49                                  
    50                                  ;===============================================================================
    51                                  SECTION stack vstart=0
    52                                  
    53 00000000 00<rep 800h>                    times 2048        db 0                    ;保留2KB的栈空间
    54                                  
    55                                  stack_end:
    56                                  
    57                                  ;===============================================================================
    58                                        [bits 32]
    59                                  ;===============================================================================
    60                                  SECTION code vstart=0
    61                                  
    62                                  start:
    63 00000000 8CD8                             mov eax,ds
    64 00000002 8EE0                             mov fs,eax
    65                                  
    66 00000004 648E15[1C000000]                 mov ss,[fs:stack_seg]
    67 0000000B BC[00080000]                     mov esp,stack_end
    68                                  
    69 00000010 648E1D[14000000]                 mov ds,[fs:data_seg]
    70                                  
    71 00000017 BB[00040000]                     mov ebx,message_1
    72 0000001C 64FF1D[28000000]                 call far [fs:PrintString]
    73                                  
    74 00000023 B864000000                       mov eax,100                         ;逻辑扇区号100
    75 00000028 BB[00000000]                     mov ebx,buffer                      ;缓冲区偏移地址
    76 0000002D 64FF1D[28020000]                 call far [fs:ReadDiskData]          ;段间调用
    77                                  
    78 00000034 BB[31040000]                     mov ebx,message_2
    79 00000039 64FF1D[28000000]                 call far [fs:PrintString]
    80                                  
    81 00000040 BB[00000000]                     mov ebx,buffer
    82 00000045 64FF1D[28000000]                 call far [fs:PrintString]           ;too.
    83                                  
    84 0000004C 64FF2D[28010000]                 jmp far [fs:TerminateProgram]       ;将控制权返回到系统
    85                                  
    86                                  code_end:
    87                                  
    88                                  ;===============================================================================
    89                                  SECTION trail
    90                                  ;-------------------------------------------------------------------------------
    91                                  program_end:
